0 info it worked if it ends with ok
1 verbose cli [ '/usr/bin/node', '/usr/bin/npm', 'run-script', 'package' ]
2 info using npm@1.4.28
3 info using node@v0.10.37
4 verbose node symlink /usr/bin/node
5 verbose run-script [ 'prepackage', 'package', 'postpackage' ]
6 info prepackage DeskodeAds_Desktop@1.0.0
7 info package DeskodeAds_Desktop@1.0.0
8 verbose unsafe-perm in lifecycle true
9 info DeskodeAds_Desktop@1.0.0 Failed to exec package script
10 error DeskodeAds_Desktop@1.0.0 package: `electron-packager ./ DeskodeAds --all --out ~/DeskodeAds --version 1.0.0 --overwrite`
10 error Exit status 8
11 error Failed at the DeskodeAds_Desktop@1.0.0 package script.
11 error This is most likely a problem with the DeskodeAds_Desktop package,
11 error not with npm itself.
11 error Tell the author that this fails on your system:
11 error     electron-packager ./ DeskodeAds --all --out ~/DeskodeAds --version 1.0.0 --overwrite
11 error You can get their info via:
11 error     npm owner ls DeskodeAds_Desktop
11 error There is likely additional logging output above.
12 error System Linux 3.19.0-58-generic
13 error command "/usr/bin/node" "/usr/bin/npm" "run-script" "package"
14 error cwd /opt/lampp/htdocs/deskode/DeskodeAds_Desktop
15 error node -v v0.10.37
16 error npm -v 1.4.28
17 error code ELIFECYCLE
18 verbose exit [ 1, true ]
